# JRE version: OpenJDK Runtime Environment Microsoft-10376486 (17.0.13+11) (build 17.0.13+11-LTS)
# Java VM: OpenJDK 64-Bit Server VM Microsoft-10376486 (17.0.13+11-LTS, mixed mode, sharing, tiered, compressed oops, compressed class ptrs, g1 gc, windows-amd64)
GC Precious Log:
 CPUs: 4 total, 4 available
 Memory: 16273M
 Large Page Support: Disabled
 NUMA Support: Disabled
 Compressed Oops: Enabled (32-bit)
 Heap Region Size: 1M
 Heap Min Capacity: 8M
 Heap Initial Capacity: 256M
 Heap Max Capacity: 2G
 Pre-touch: Disabled
 Parallel Workers: 4
 Concurrent Workers: 1
 Concurrent Refinement Workers: 4
 Periodic GC: Disabled
Heap:
 garbage-first heap   total 326656K, used 256115K [0x0000000080000000, 0x0000000100000000)
  region size 1024K, 17 young (17408K), 4 survivors (4096K)
 Metaspace       used 115242K, committed 116608K, reserved 557056K
  class space    used 15913K, committed 16512K, reserved 425984K
GC Heap History (20 events):
Event: 41.305 GC heap before
{Heap before GC invocations=70 (full 0):
 garbage-first heap   total 326656K, used 278260K [0x0000000080000000, 0x0000000100000000)
  region size 1024K, 53 young (54272K), 5 survivors (5120K)
 Metaspace       used 111210K, committed 112512K, reserved 557056K
  class space    used 15528K, committed 16128K, reserved 425984K
}
Event: 41.309 GC heap after
{Heap after GC invocations=71 (full 0):
 garbage-first heap   total 326656K, used 231260K [0x0000000080000000, 0x0000000100000000)
  region size 1024K, 5 young (5120K), 5 survivors (5120K)
 Metaspace       used 111210K, committed 112512K, reserved 557056K
  class space    used 15528K, committed 16128K, reserved 425984K
}
Event: 41.930 GC heap before
{Heap before GC invocations=71 (full 0):
 garbage-first heap   total 326656K, used 279388K [0x0000000080000000, 0x0000000100000000)
  region size 1024K, 53 young (54272K), 5 survivors (5120K)
 Metaspace       used 111327K, committed 112640K, reserved 557056K
  class space    used 15541K, committed 16128K, reserved 425984K
}
Event: 41.935 GC heap after
{Heap after GC invocations=72 (full 0):
 garbage-first heap   total 326656K, used 233351K [0x0000000080000000, 0x0000000100000000)
  region size 1024K, 6 young (6144K), 6 survivors (6144K)
 Metaspace       used 111327K, committed 112640K, reserved 557056K
  class space    used 15541K, committed 16128K, reserved 425984K
}
Event: 42.380 GC heap before
{Heap before GC invocations=72 (full 0):
 garbage-first heap   total 326656K, used 279431K [0x0000000080000000, 0x0000000100000000)
  region size 1024K, 52 young (53248K), 6 survivors (6144K)
 Metaspace       used 111431K, committed 112832K, reserved 557056K
  class space    used 15549K, committed 16192K, reserved 425984K
}
Event: 42.386 GC heap after
{Heap after GC invocations=73 (full 0):
 garbage-first heap   total 326656K, used 234942K [0x0000000080000000, 0x0000000100000000)
  region size 1024K, 4 young (4096K), 4 survivors (4096K)
 Metaspace       used 111431K, committed 112832K, reserved 557056K
  class space    used 15549K, committed 16192K, reserved 425984K
}
Event: 42.864 GC heap before
{Heap before GC invocations=73 (full 0):
 garbage-first heap   total 326656K, used 279998K [0x0000000080000000, 0x0000000100000000)
  region size 1024K, 49 young (50176K), 4 survivors (4096K)
 Metaspace       used 111539K, committed 112960K, reserved 557056K
  class space    used 15559K, committed 16192K, reserved 425984K
}
Event: 42.870 GC heap after
{Heap after GC invocations=74 (full 0):
 garbage-first heap   total 326656K, used 236510K [0x0000000080000000, 0x0000000100000000)
  region size 1024K, 4 young (4096K), 4 survivors (4096K)
 Metaspace       used 111539K, committed 112960K, reserved 557056K
  class space    used 15559K, committed 16192K, reserved 425984K
}
Event: 43.687 GC heap before
{Heap before GC invocations=74 (full 0):
 garbage-first heap   total 326656K, used 280542K [0x0000000080000000, 0x0000000100000000)
  region size 1024K, 48 young (49152K), 4 survivors (4096K)
 Metaspace       used 111639K, committed 113024K, reserved 557056K
  class space    used 15560K, committed 16192K, reserved 425984K
}
Event: 43.693 GC heap after
{Heap after GC invocations=75 (full 0):
 garbage-first heap   total 326656K, used 237984K [0x0000000080000000, 0x0000000100000000)
  region size 1024K, 4 young (4096K), 4 survivors (4096K)
 Metaspace       used 111639K, committed 113024K, reserved 557056K
  class space    used 15560K, committed 16192K, reserved 425984K
}
Event: 44.309 GC heap before
{Heap before GC invocations=75 (full 0):
 garbage-first heap   total 326656K, used 279968K [0x0000000080000000, 0x0000000100000000)
  region size 1024K, 46 young (47104K), 4 survivors (4096K)
 Metaspace       used 111748K, committed 113152K, reserved 557056K
  class space    used 15575K, committed 16192K, reserved 425984K
}
Event: 44.314 GC heap after
{Heap after GC invocations=76 (full 0):
 garbage-first heap   total 326656K, used 239529K [0x0000000080000000, 0x0000000100000000)
  region size 1024K, 4 young (4096K), 4 survivors (4096K)
 Metaspace       used 111748K, committed 113152K, reserved 557056K
  class space    used 15575K, committed 16192K, reserved 425984K
}
Event: 44.754 GC heap before
{Heap before GC invocations=76 (full 0):
 garbage-first heap   total 326656K, used 280489K [0x0000000080000000, 0x0000000100000000)
  region size 1024K, 45 young (46080K), 4 survivors (4096K)
 Metaspace       used 111748K, committed 113152K, reserved 557056K
  class space    used 15575K, committed 16192K, reserved 425984K
}
Event: 44.759 GC heap after
{Heap after GC invocations=77 (full 0):
 garbage-first heap   total 326656K, used 240664K [0x0000000080000000, 0x0000000100000000)
  region size 1024K, 4 young (4096K), 4 survivors (4096K)
 Metaspace       used 111748K, committed 113152K, reserved 557056K
  class space    used 15575K, committed 16192K, reserved 425984K
}
Event: 45.419 GC heap before
{Heap before GC invocations=77 (full 0):
 garbage-first heap   total 326656K, used 280600K [0x0000000080000000, 0x0000000100000000)
  region size 1024K, 44 young (45056K), 4 survivors (4096K)
 Metaspace       used 111767K, committed 113152K, reserved 557056K
  class space    used 15576K, committed 16192K, reserved 425984K
}
Event: 45.424 GC heap after
{Heap after GC invocations=78 (full 0):
 garbage-first heap   total 326656K, used 242041K [0x0000000080000000, 0x0000000100000000)
  region size 1024K, 4 young (4096K), 4 survivors (4096K)
 Metaspace       used 111767K, committed 113152K, reserved 557056K
  class space    used 15576K, committed 16192K, reserved 425984K
}
Event: 45.796 GC heap before
{Heap before GC invocations=78 (full 0):
 garbage-first heap   total 326656K, used 287097K [0x0000000080000000, 0x0000000100000000)
  region size 1024K, 44 young (45056K), 4 survivors (4096K)
 Metaspace       used 112908K, committed 114240K, reserved 557056K
  class space    used 15658K, committed 16256K, reserved 425984K
}
Event: 45.802 GC heap after
{Heap after GC invocations=79 (full 0):
 garbage-first heap   total 326656K, used 243690K [0x0000000080000000, 0x0000000100000000)
  region size 1024K, 4 young (4096K), 4 survivors (4096K)
 Metaspace       used 112908K, committed 114240K, reserved 557056K
  class space    used 15658K, committed 16256K, reserved 425984K
}
Event: 46.395 GC heap before
{Heap before GC invocations=79 (full 0):
 garbage-first heap   total 326656K, used 280554K [0x0000000080000000, 0x0000000100000000)
  region size 1024K, 41 young (41984K), 4 survivors (4096K)
 Metaspace       used 114076K, committed 115456K, reserved 557056K
  class space    used 15782K, committed 16384K, reserved 425984K
}
Event: 46.400 GC heap after
{Heap after GC invocations=80 (full 0):
 garbage-first heap   total 326656K, used 244851K [0x0000000080000000, 0x0000000100000000)
  region size 1024K, 4 young (4096K), 4 survivors (4096K)
 Metaspace       used 114076K, committed 115456K, reserved 557056K
  class space    used 15782K, committed 16384K, reserved 425984K
}

