# JRE version: OpenJDK Runtime Environment Microsoft-10376486 (17.0.13+11) (build 17.0.13+11-LTS)
# Java VM: OpenJDK 64-Bit Server VM Microsoft-10376486 (17.0.13+11-LTS, mixed mode, sharing, tiered, compressed oops, compressed class ptrs, g1 gc, windows-amd64)
GC Precious Log:
 CPUs: 4 total, 4 available
 Memory: 16273M
 Large Page Support: Disabled
 NUMA Support: Disabled
 Compressed Oops: Enabled (32-bit)
 Heap Region Size: 1M
 Heap Min Capacity: 8M
 Heap Initial Capacity: 256M
 Heap Max Capacity: 2G
 Pre-touch: Disabled
 Parallel Workers: 4
 Concurrent Workers: 1
 Concurrent Refinement Workers: 4
 Periodic GC: Disabled
Heap:
 garbage-first heap   total 472064K, used 393265K [0x0000000080000000, 0x0000000100000000)
  region size 1024K, 133 young (136192K), 15 survivors (15360K)
 Metaspace       used 115533K, committed 117248K, reserved 557056K
  class space    used 15957K, committed 16768K, reserved 425984K
GC Heap History (20 events):
Event: 90.071 GC heap after
{Heap after GC invocations=67 (full 0):
 garbage-first heap   total 282624K, used 227286K [0x0000000080000000, 0x0000000100000000)
  region size 1024K, 4 young (4096K), 4 survivors (4096K)
 Metaspace       used 102153K, committed 103616K, reserved 557056K
  class space    used 14244K, committed 14912K, reserved 425984K
}
Event: 90.554 GC heap before
{Heap before GC invocations=67 (full 0):
 garbage-first heap   total 403456K, used 241622K [0x0000000080000000, 0x0000000100000000)
  region size 1024K, 20 young (20480K), 4 survivors (4096K)
 Metaspace       used 102154K, committed 103616K, reserved 557056K
  class space    used 14244K, committed 14912K, reserved 425984K
}
Event: 90.560 GC heap after
{Heap after GC invocations=68 (full 0):
 garbage-first heap   total 403456K, used 228903K [0x0000000080000000, 0x0000000100000000)
  region size 1024K, 3 young (3072K), 3 survivors (3072K)
 Metaspace       used 102154K, committed 103616K, reserved 557056K
  class space    used 14244K, committed 14912K, reserved 425984K
}
Event: 91.369 GC heap before
{Heap before GC invocations=69 (full 0):
 garbage-first heap   total 403456K, used 320039K [0x0000000080000000, 0x0000000100000000)
  region size 1024K, 93 young (95232K), 3 survivors (3072K)
 Metaspace       used 102166K, committed 103616K, reserved 557056K
  class space    used 14246K, committed 14912K, reserved 425984K
}
Event: 91.376 GC heap after
{Heap after GC invocations=70 (full 0):
 garbage-first heap   total 403456K, used 230078K [0x0000000080000000, 0x0000000100000000)
  region size 1024K, 5 young (5120K), 5 survivors (5120K)
 Metaspace       used 102166K, committed 103616K, reserved 557056K
  class space    used 14246K, committed 14912K, reserved 425984K
}
Event: 91.575 GC heap before
{Heap before GC invocations=70 (full 0):
 garbage-first heap   total 403456K, used 245438K [0x0000000080000000, 0x0000000100000000)
  region size 1024K, 19 young (19456K), 5 survivors (5120K)
 Metaspace       used 102242K, committed 103680K, reserved 557056K
  class space    used 14258K, committed 14912K, reserved 425984K
}
Event: 91.586 GC heap after
{Heap after GC invocations=71 (full 0):
 garbage-first heap   total 403456K, used 220865K [0x0000000080000000, 0x0000000100000000)
  region size 1024K, 3 young (3072K), 3 survivors (3072K)
 Metaspace       used 102242K, committed 103680K, reserved 557056K
  class space    used 14258K, committed 14912K, reserved 425984K
}
Event: 96.023 GC heap before
{Heap before GC invocations=71 (full 0):
 garbage-first heap   total 403456K, used 323265K [0x0000000080000000, 0x0000000100000000)
  region size 1024K, 103 young (105472K), 3 survivors (3072K)
 Metaspace       used 107460K, committed 108928K, reserved 557056K
  class space    used 14998K, committed 15680K, reserved 425984K
}
Event: 96.039 GC heap after
{Heap after GC invocations=72 (full 0):
 garbage-first heap   total 472064K, used 229563K [0x0000000080000000, 0x0000000100000000)
  region size 1024K, 12 young (12288K), 12 survivors (12288K)
 Metaspace       used 107460K, committed 108928K, reserved 557056K
  class space    used 14998K, committed 15680K, reserved 425984K
}
Event: 101.377 GC heap before
{Heap before GC invocations=72 (full 0):
 garbage-first heap   total 472064K, used 374971K [0x0000000080000000, 0x0000000100000000)
  region size 1024K, 154 young (157696K), 12 survivors (12288K)
 Metaspace       used 110691K, committed 112256K, reserved 557056K
  class space    used 15376K, committed 16128K, reserved 425984K
}
Event: 101.403 GC heap after
{Heap after GC invocations=73 (full 0):
 garbage-first heap   total 472064K, used 248629K [0x0000000080000000, 0x0000000100000000)
  region size 1024K, 20 young (20480K), 20 survivors (20480K)
 Metaspace       used 110691K, committed 112256K, reserved 557056K
  class space    used 15376K, committed 16128K, reserved 425984K
}
Event: 102.850 GC heap before
{Heap before GC invocations=73 (full 0):
 garbage-first heap   total 472064K, used 375605K [0x0000000080000000, 0x0000000100000000)
  region size 1024K, 145 young (148480K), 20 survivors (20480K)
 Metaspace       used 111181K, committed 112704K, reserved 557056K
  class space    used 15440K, committed 16192K, reserved 425984K
}
Event: 102.874 GC heap after
{Heap after GC invocations=74 (full 0):
 garbage-first heap   total 472064K, used 258905K [0x0000000080000000, 0x0000000100000000)
  region size 1024K, 10 young (10240K), 10 survivors (10240K)
 Metaspace       used 111181K, committed 112704K, reserved 557056K
  class space    used 15440K, committed 16192K, reserved 425984K
}
Event: 103.791 GC heap before
{Heap before GC invocations=74 (full 0):
 garbage-first heap   total 472064K, used 380761K [0x0000000080000000, 0x0000000100000000)
  region size 1024K, 130 young (133120K), 10 survivors (10240K)
 Metaspace       used 111182K, committed 112768K, reserved 557056K
  class space    used 15440K, committed 16192K, reserved 425984K
}
Event: 103.802 GC heap after
{Heap after GC invocations=75 (full 0):
 garbage-first heap   total 472064K, used 262144K [0x0000000080000000, 0x0000000100000000)
  region size 1024K, 6 young (6144K), 6 survivors (6144K)
 Metaspace       used 111182K, committed 112768K, reserved 557056K
  class space    used 15440K, committed 16192K, reserved 425984K
}
Event: 105.790 GC heap before
{Heap before GC invocations=75 (full 0):
 garbage-first heap   total 472064K, used 386047K [0x0000000080000000, 0x0000000100000000)
  region size 1024K, 128 young (131072K), 6 survivors (6144K)
 Metaspace       used 111526K, committed 113216K, reserved 557056K
  class space    used 15475K, committed 16256K, reserved 425984K
}
Event: 105.804 GC heap after
{Heap after GC invocations=76 (full 0):
 garbage-first heap   total 472064K, used 268800K [0x0000000080000000, 0x0000000100000000)
  region size 1024K, 12 young (12288K), 12 survivors (12288K)
 Metaspace       used 111526K, committed 113216K, reserved 557056K
  class space    used 15475K, committed 16256K, reserved 425984K
}
Event: 106.907 GC heap before
{Heap before GC invocations=76 (full 0):
 garbage-first heap   total 472064K, used 389632K [0x0000000080000000, 0x0000000100000000)
  region size 1024K, 131 young (134144K), 12 survivors (12288K)
 Metaspace       used 111721K, committed 113344K, reserved 557056K
  class space    used 15495K, committed 16256K, reserved 425984K
}
Event: 106.918 GC heap after
{Heap after GC invocations=77 (full 0):
 garbage-first heap   total 472064K, used 272433K [0x0000000080000000, 0x0000000100000000)
  region size 1024K, 8 young (8192K), 8 survivors (8192K)
 Metaspace       used 111721K, committed 113344K, reserved 557056K
  class space    used 15495K, committed 16256K, reserved 425984K
}
Event: 115.079 GC heap before
{Heap before GC invocations=77 (full 0):
 garbage-first heap   total 472064K, used 392241K [0x0000000080000000, 0x0000000100000000)
  region size 1024K, 126 young (129024K), 8 survivors (8192K)
 Metaspace       used 115533K, committed 117248K, reserved 557056K
  class space    used 15957K, committed 16768K, reserved 425984K
}

